  
 ******************** TIME CONTROL ********************
 Starting Chargemol version 3.5 September 26, 2017.
 ******************************************************
  
 Starting DDEC program
 2025/04/13  23:54:59
 Copyright (c) 2014, 2015, 2016 by Thomas A. Manz and Nidia Gabaldon Limas. Rights reserved.
  
 **************** THREAD INFORMATION ******************
 Job running using OpenMP.
 The number of parallel threads is:           36
  
 ******************************************************
  
 /home/yongsang/Research/PSID_server_room/[99]auxiliary/chargemol/atomic_densities/                                                                                                                      
  
 ******************** TIME CONTROL ********************
 Starting format_valence_cube_density
 ******************************************************
  
 inputfile = "valence_density.cube"
 parameters
   132.00000000000000        0.0000000000000000        0.0000000000000000        0.0000000000000000     
   250.00000000000000       0.12122400000000000       -4.9899999999999999E-004   7.9900000000000001E-004
   250.00000000000000       -4.6299000000000000E-002  0.11441400000000000       -1.1000000000000000E-005
   250.00000000000000       -3.6801000000000000E-002  -5.6689999999999997E-002  0.10126499999999999     
 The maximum pixel electron correction was:    0.0000000000000000     
 The number of pixel corrections was:            0
 sum_negative_density
  -1.0459214152824806E-002
  
 ******************** TIME CONTROL ********************
 Starting add_missing_core_density
 ******************************************************
  
 center_nabc =
          74         145         215
         178         107          34
         107          73         179
         144         179          70
         106         176          34
         141          72         216
          71         106         179
         175         141          69
         134          94         133
          43           3         138
         209         246         112
          98         209         212
         153          42          40
           3         116         209
         247         133          38
         115           0         210
          39         155          39
         154         116         112
          95         135         138
         249          39         136
          94         135         248
         154         114           1
         114         115         208
         134         136          41
          99          19         115
         151         230         135
          17         153         170
         233          98          81
          16          97         112
          97         234          80
         101         164         122
         121         169         109
         131         236          48
         150          19          63
         208          88         187
         188          82         201
          21         208         117
         237         189         103
         239         168         160
         218         157         129
         167           7         178
         158          29         189
         212         125          87
          38         125         163
         126          39         163
         123         210          86
         231         125         107
          18         125         143
         126          19         144
         124         231         106
         240         141         133
           9         109         118
         141           8         151
         109         241         100
         139         239         131
         110          10         119
         241         110         100
           9         141         151
         136         138         114
         113         114         137
         228         225         111
          23          23         138
         135          23           0
         116         227           2
         226         112         248
          23         137         249
         148         149         101
         101         101         149
         203         201          97
          47          48         152
         145          48         250
         105         203           1
         201         100         249
          48         149         250
         119         144         121
         130         108         129
         227         248         118
          24           1         132
         141          24          23
         110         228         229
         248         130          21
           1         120         226
           2         227         119
         249          22         131
         141         120         118
         108         131         132
         227         107         225
          22         142          22
         119           0         228
         131           1          24
         114         162         118
         137           2          47
         206          90         202
           4         206         114
         232         157         141
         156          15         174
         203         140          93
          45         109         156
         141          48         186
         108         202          64
         138         202          93
         112          48         156
         204         110          65
          47         142         185
         157         108          50
          92         141         198
         191         140          49
          58         110         201
         107          57         198
         142         194          51
         141          94         202
         109         156          48
         163         143          95
          84         105         153
         203         181          91
          46          68         159
         138          47         229
         110         202          21
         180          85         228
          68         162          21
         182         201          91
          68          49         157
         143         165          95
         109          87         155
         202         106          20
          48         145         229
         160          68          21
          92         183         230
         151         151          53
          99          99         196
         152          98           0
          97         151         249
 delta_na=     86
 delta_nb=     84
 delta_nc=     83
  
 ******************** TIME CONTROL ********************
 Starting check_grid_spacing
 ******************************************************
  
 The grid spacing in your electron density input file is adequate.
  
 ******************** TIME CONTROL ********************
 Finished check_grid_spacing in   0.45500001311302185      seconds
 ******************************************************
  
 Checking to see that all core electrons are accounted for:
  
 Printing atom number, atomic number, core electrons, and missing core for each atom.
 (Missing core electrons will be inserted using stored core electron reference densities.)
    1   22    18.000000   18
    2   22    18.000000   18
    3   22    18.000000   18
    4   22    18.000000   18
    5   22    18.000000   18
    6   22    18.000000   18
    7   22    18.000000   18
    8   22    18.000000   18
    9    1     0.000000    0
   10    1     0.000000    0
   11    1     0.000000    0
   12    1     0.000000    0
   13    1     0.000000    0
   14    1     0.000000    0
   15    1     0.000000    0
   16    1     0.000000    0
   17    1     0.000000    0
   18    1     0.000000    0
   19    1     0.000000    0
   20    1     0.000000    0
   21    1     0.000000    0
   22    1     0.000000    0
   23    1     0.000000    0
   24    1     0.000000    0
   25    1     0.000000    0
   26    1     0.000000    0
   27    1     0.000000    0
   28    1     0.000000    0
   29    1     0.000000    0
   30    1     0.000000    0
   31    1     0.000000    0
   32    1     0.000000    0
   33    1     0.000000    0
   34    1     0.000000    0
   35    1     0.000000    0
   36    1     0.000000    0
   37    1     0.000000    0
   38    1     0.000000    0
   39    1     0.000000    0
   40    1     0.000000    0
   41    1     0.000000    0
   42    1     0.000000    0
   43    6     2.000000    2
   44    6     2.000000    2
   45    6     2.000000    2
   46    6     2.000000    2
   47    6     2.000000    2
   48    6     2.000000    2
   49    6     2.000000    2
   50    6     2.000000    2
   51    6     2.000000    2
   52    6     2.000000    2
   53    6     2.000000    2
   54    6     2.000000    2
   55    6     2.000000    2
   56    6     2.000000    2
   57    6     2.000000    2
   58    6     2.000000    2
   59    6     2.000000    2
   60    6     2.000000    2
   61    6     2.000000    2
   62    6     2.000000    2
   63    6     2.000000    2
   64    6     2.000000    2
   65    6     2.000000    2
   66    6     2.000000    2
   67    6     2.000000    2
   68    6     2.000000    2
   69    6     2.000000    2
   70    6     2.000000    2
   71    6     2.000000    2
   72    6     2.000000    2
   73    6     2.000000    2
   74    6     2.000000    2
   75    6     2.000000    2
   76    6     2.000000    2
   77    6     2.000000    2
   78    6     2.000000    2
   79    6     2.000000    2
   80    6     2.000000    2
   81    6     2.000000    2
   82    6     2.000000    2
   83    6     2.000000    2
   84    6     2.000000    2
   85    6     2.000000    2
   86    6     2.000000    2
   87    6     2.000000    2
   88    6     2.000000    2
   89    6     2.000000    2
   90    6     2.000000    2
   91    7     2.000000    2
   92    7     2.000000    2
   93    7     2.000000    2
   94    7     2.000000    2
   95    7     2.000000    2
   96    7     2.000000    2
   97    8     2.000000    2
   98    8     2.000000    2
   99    8     2.000000    2
  100    8     2.000000    2
  101    8     2.000000    2
  102    8     2.000000    2
  103    8     2.000000    2
  104    8     2.000000    2
  105    8     2.000000    2
  106    8     2.000000    2
  107    8     2.000000    2
  108    8     2.000000    2
  109    8     2.000000    2
  110    8     2.000000    2
  111    8     2.000000    2
  112    8     2.000000    2
  113    8     2.000000    2
  114    8     2.000000    2
  115    8     2.000000    2
  116    8     2.000000    2
  117    8     2.000000    2
  118    8     2.000000    2
  119    8     2.000000    2
  120    8     2.000000    2
  121    8     2.000000    2
  122    8     2.000000    2
  123    8     2.000000    2
  124    8     2.000000    2
  125    8     2.000000    2
  126    8     2.000000    2
  127    8     2.000000    2
  128    8     2.000000    2
  129    8     2.000000    2
  130    8     2.000000    2
  131    8     2.000000    2
  132    8     2.000000    2
 Finished the check for missing core electrons.
  
 ******************** TIME CONTROL ********************
 Finished add_missing_core_density in   0.74199998378753662      seconds
 ******************************************************
  
  
 ******************** TIME CONTROL ********************
 Finished format_valence_cube_density in    5.2500000000000000      seconds
 ******************************************************
  
 ncore =      324.0000
 nvalence =      504.0000
 pixelvolume =    1.4076E-03
 numerically integrated valence density =    5.6802E+02
 sum_valence_occupancy_correction =    0.0000E+00
 checkme =    6.4015E+01
 The electrons are not properly accounted for.
 Either the grid in your electron density input file is too coarse, you have specified the incorrect net charge in the chargemol_job.m file, or the number of core electrons for each atom has not been setup correctly.
 Program will terminate
