  
 ******************** TIME CONTROL ********************
 Starting Chargemol version 3.5 September 26, 2017.
 ******************************************************
  
 Starting DDEC program
 2025/04/13  23:44:08
 Copyright (c) 2014, 2015, 2016 by Thomas A. Manz and Nidia Gabaldon Limas. Rights reserved.
  
 **************** THREAD INFORMATION ******************
 Job running using OpenMP.
 The number of parallel threads is:           36
  
 ******************************************************
  
 /home/yongsang/Research/PSID_server_room/[99]auxiliary/chargemol/atomic_densities/                                                                                                                      
  
 ******************** TIME CONTROL ********************
 Starting format_valence_and_total_cube_densities
 ******************************************************
  
 inputfile = "valence_density.cube"
 parameters
   124.00000000000000        0.0000000000000000        0.0000000000000000        0.0000000000000000     
   243.00000000000000       0.23431279455407700       -8.1900724363260010E-003   1.3171390143330000E-003
   250.00000000000000       -9.3369471390501002E-002  0.20935518341735398       -8.0691299730300007E-004
   240.00000000000000       -6.8961770516576995E-002 -0.10514624375394900       0.19484397754782301     
 total_density.cube
 inputfile = "total_density.cube"
 The maximum pixel electron correction was:    0.0000000000000000     
 The number of pixel corrections was:            0
 sum_negative_density
  -9.7917828822845689E-003
  
 ******************** TIME CONTROL ********************
 Starting add_missing_core_density
 ******************************************************
  
 center_nabc =
          74         144         206
         173         110          33
          93          61         171
         127         166          67
         106         176          32
         137          75         207
          59          96         170
         163         133          68
         148         113         159
          27         238         119
         190         234          85
         110         210         202
         159          45          39
           4         123         200
         242         151          37
         126           3         200
          42         169          38
         157         122         126
         102         144         153
         232          28         116
          84         130         238
         127          88           2
          95          16         106
         147         232         133
          20         154         165
         224          98          75
          12          94         104
          96         233          75
         138         237          47
         153          22          61
         146         150          43
         101         104         194
         202          93         178
         183          92         192
         237         170         157
         215         158         128
         159           9         174
         151          32         183
         121         124         172
         110         153         121
         189         193          71
         228         195          88
         206         126          85
          36         122         154
         119          37         155
         121         210          84
         225         127         104
          18         124         136
         121          19         137
         122         231         103
         236         143         129
           7         108         111
         136          10         146
         107         240          95
         136         240         128
         107           8         112
         232         110          95
          11         141         145
         134         138         122
         124         128         158
         207         212          85
          10          11         120
         143          26         240
         126         229           1
         220         127         238
          25         147         239
         140         144         103
          35          36         138
         151          52         239
         114         203           0
         196         116         239
          51         156         239
         119         145         129
         140         122         150
         207         235          93
           9         237         112
         149          27          22
         121         229         219
           1         145          20
           3         129         216
         229         213          94
         231          10         110
         145         127         132
         114         139         147
         221         119         215
          24         155          21
         130           2         218
         140           3          24
         146           4          46
         200         101         193
         230         160         139
         151          18         170
         194         137          93
          38         102         146
         136          50         177
         112         205          62
         130         197          92
         100          39         147
         200         115          63
          49         141         176
         148         100          46
          86         131         186
         182         144          53
          51         105         193
         100          52         194
         139         185          52
         127          89         187
          96         150          45
         154         138          96
          35          57         145
         143          51         219
         119         202          20
         175         100         219
          70         169          20
          55          37         145
         130         155          94
         197         122          19
          51         150         219
         165          73          20
         100         182         219
         143         147          56
          85          88         181
         143          96           1
          93         147         239
 delta_na=     46
 delta_nb=     47
 delta_nc=     44
  
 ******************** TIME CONTROL ********************
 Starting check_grid_spacing
 ******************************************************
  
 The grid spacing in your electron density input file is adequate.
  
 ******************** TIME CONTROL ********************
 Finished check_grid_spacing in    7.9999998211860657E-002 seconds
 ******************************************************
  
 Checking to see that all core electrons are accounted for:
  
 Printing atom number, atomic number, core electrons, and missing core for each atom.
 (Missing core electrons will be inserted using stored core electron reference densities.)
    1   22     0.000000    0
    2   22     0.000000    0
    3   22     0.000000    0
    4   22     0.000000    0
    5   22     0.000000    0
    6   22     0.000000    0
    7   22     0.000000    0
    8   22     0.000000    0
    9    1     0.000000    0
   10    1     0.000000    0
   11    1     0.000000    0
   12    1     0.000000    0
   13    1     0.000000    0
   14    1     0.000000    0
   15    1     0.000000    0
   16    1     0.000000    0
   17    1     0.000000    0
   18    1     0.000000    0
   19    1     0.000000    0
   20    1     0.000000    0
   21    1     0.000000    0
   22    1     0.000000    0
   23    1     0.000000    0
   24    1     0.000000    0
   25    1     0.000000    0
   26    1     0.000000    0
   27    1     0.000000    0
   28    1     0.000000    0
   29    1     0.000000    0
   30    1     0.000000    0
   31    1     0.000000    0
   32    1     0.000000    0
   33    1     0.000000    0
   34    1     0.000000    0
   35    1     0.000000    0
   36    1     0.000000    0
   37    1     0.000000    0
   38    1     0.000000    0
   39    1     0.000000    0
   40    1     0.000000    0
   41    1     0.000000    0
   42    1     0.000000    0
   43    6     0.000000    0
   44    6     0.000000    0
   45    6     0.000000    0
   46    6     0.000000    0
   47    6     0.000000    0
   48    6     0.000000    0
   49    6     0.000000    0
   50    6     0.000000    0
   51    6     0.000000    0
   52    6     0.000000    0
   53    6     0.000000    0
   54    6     0.000000    0
   55    6     0.000000    0
   56    6     0.000000    0
   57    6     0.000000    0
   58    6     0.000000    0
   59    6     0.000000    0
   60    6     0.000000    0
   61    6     0.000000    0
   62    6     0.000000    0
   63    6     0.000000    0
   64    6     0.000000    0
   65    6     0.000000    0
   66    6     0.000000    0
   67    6     0.000000    0
   68    6     0.000000    0
   69    6     0.000000    0
   70    6     0.000000    0
   71    6     0.000000    0
   72    6     0.000000    0
   73    6     0.000000    0
   74    6     0.000000    0
   75    6     0.000000    0
   76    6     0.000000    0
   77    6     0.000000    0
   78    6     0.000000    0
   79    6     0.000000    0
   80    6     0.000000    0
   81    6     0.000000    0
   82    6     0.000000    0
   83    6     0.000000    0
   84    6     0.000000    0
   85    6     0.000000    0
   86    6     0.000000    0
   87    6     0.000000    0
   88    6     0.000000    0
   89    7     0.000000    0
   90    7     0.000000    0
   91    7     0.000000    0
   92    7     0.000000    0
   93    8     0.000000    0
   94    8     0.000000    0
   95    8     0.000000    0
   96    8     0.000000    0
   97    8     0.000000    0
   98    8     0.000000    0
   99    8     0.000000    0
  100    8     0.000000    0
  101    8     0.000000    0
  102    8     0.000000    0
  103    8     0.000000    0
  104    8     0.000000    0
  105    8     0.000000    0
  106    8     0.000000    0
  107    8     0.000000    0
  108    8     0.000000    0
  109    8     0.000000    0
  110    8     0.000000    0
  111    8     0.000000    0
  112    8     0.000000    0
  113    8     0.000000    0
  114    8     0.000000    0
  115    8     0.000000    0
  116    8     0.000000    0
  117    8     0.000000    0
  118    8     0.000000    0
  119    8     0.000000    0
  120    8     0.000000    0
  121    8     0.000000    0
  122    8     0.000000    0
  123    8     0.000000    0
  124    8     0.000000    0
 Finished the check for missing core electrons.
  
 ******************** TIME CONTROL ********************
 Finished add_missing_core_density in    8.2000002264976501E-002 seconds
 ******************************************************
  
  
 ******************** TIME CONTROL ********************
 Finished format_valence_and_total_cube_densities in    8.0190000534057617      seconds
 ******************************************************
  
 ncore =        0.0000
 nvalence =      770.0000
 pixelvolume =    9.4206E-03
 numerically integrated valence density =    5.2601E+02
 sum_valence_occupancy_correction =    0.0000E+00
 checkme =    2.4399E+02
 The electrons are not properly accounted for.
 Either the grid in your electron density input file is too coarse, you have specified the incorrect net charge in the chargemol_job.m file, or the number of core electrons for each atom has not been setup correctly.
 Program will terminate
