            --------------------------------------------------------
                             AMBER SQM VERSION 19
 
                                     By
              Ross C. Walker, Michael F. Crowley, Scott Brozell,
                         Tim Giese, Andreas W. Goetz,
                        Tai-Sung Lee and David A. Case
 
            --------------------------------------------------------
 

--------------------------------------------------------------------------------
  QM CALCULATION INFO
--------------------------------------------------------------------------------

| QMMM: Citation for AMBER QMMM Run:
| QMMM: R.C. Walker, M.F. Crowley and D.A. Case, J. COMP. CHEM. 29:1019, 2008

QMMM: SINGLET STATE CALCULATION
QMMM: RHF CALCULATION, NO. OF DOUBLY OCCUPIED LEVELS = 28

| QMMM: *** Selected Hamiltonian *** 
| QMMM: AM1         

| QMMM: *** Parameter sets in use ***
| QMMM: N : M.J.S.DEWAR et al. JACS, 107, 3902, (1985)
| QMMM: C : M.J.S.DEWAR et al. JACS, 107, 3902, (1985)
| QMMM: H : M.J.S.DEWAR et al. JACS, 107, 3902, (1985)

| QMMM: *** SCF convergence criteria ***
| QMMM: Energy change                :  0.1D-09 kcal/mol
| QMMM: Error matrix |FP-PF|         :  0.1D+00 au
| QMMM: Density matrix change        :  0.5D-06
| QMMM: Maximum number of SCF cycles :     1000

| QMMM: *** Diagonalization Routine Information ***
| QMMM: Pseudo diagonalizations are allowed.
| QMMM: Auto diagonalization routine selection is in use.
| QMMM:
| QMMM: Timing diagonalization routines:
| QMMM:                              norbs =       55
| QMMM:    diag iterations used for timing =       15
| QMMM:
| QMMM:              Internal diag routine = 0.005350 seconds
| QMMM:                 Dspev diag routine = 0.005593 seconds
| QMMM:                Dspevd diag routine = 0.004033 seconds
| QMMM:                Dspevx diag routine = 0.049480 seconds
| QMMM:                 Dsyev diag routine = 0.006039 seconds
| QMMM:                Dsyevd diag routine = 0.004475 seconds
| QMMM:                Dsyevr diag routine = 0.018033 seconds
| QMMM:
| QMMM:                Pseudo diag routine = 0.001677 seconds
| QMMM:
| QMMM: Using dspevd routine (diag_routine=3).

  QMMM: QM Region Cartesian Coordinates (*=link atom) 
  QMMM: QM_NO.   MM_NO.  ATOM         X         Y         Z
  QMMM:     1        1      N       -0.2610    0.7460   -0.2880
  QMMM:     2        2      N       -1.9720   -0.5270   -0.0370
  QMMM:     3        3      C        1.0010    1.2780   -0.7920
  QMMM:     4        4      C        2.2120    0.7400   -0.0320
  QMMM:     5        5      C        2.3320   -0.7820   -0.1130
  QMMM:     6        6      C       -0.8420   -0.3660   -0.7330
  QMMM:     7        7      C       -1.0160    1.3110    0.7020
  QMMM:     8        8      C       -2.1050    0.5020    0.8640
  QMMM:     9        9      C        3.5540   -1.2830    0.6410
  QMMM:    10       10      C       -2.9050   -1.6200   -0.2120
  QMMM:    11       11      H        1.0770    1.0260   -1.8570
  QMMM:    12       12      H        0.9710    2.3710   -0.7220
  QMMM:    13       13      H        2.1390    1.0420    1.0200
  QMMM:    14       14      H        3.1190    1.2040   -0.4390
  QMMM:    15       15      H        1.4490   -1.2600    0.3220
  QMMM:    16       16      H        2.3960   -1.0970   -1.1600
  QMMM:    17       17      H       -0.4760   -1.0160   -1.5130
  QMMM:    18       18      H       -0.6710    2.2170    1.1610
  QMMM:    19       19      H       -2.9680    0.5130    1.5020
  QMMM:    20       20      H        3.5010   -1.0120    1.7000
  QMMM:    21       21      H        4.4730   -0.8590    0.2230
  QMMM:    22       22      H        3.6220   -2.3730    0.5720
  QMMM:    23       23      H       -2.5390   -2.3060   -0.9800
  QMMM:    24       24      H       -3.0090   -2.1600    0.7330
  QMMM:    25       25      H       -3.8740   -1.2190   -0.5190

--------------------------------------------------------------------------------
  RESULTS
--------------------------------------------------------------------------------

      iter         sqm energy              rms gradient
      ----    -------------------    -----------------------
xmin    10      177.7970 kcal/mol        0.3147 kcal/(mol*A)
xmin    20      177.7278 kcal/mol        0.0932 kcal/(mol*A)
xmin    30      177.6926 kcal/mol        0.2035 kcal/(mol*A)
xmin    40      177.6713 kcal/mol        0.1080 kcal/(mol*A)
xmin    50      177.6613 kcal/mol        0.1646 kcal/(mol*A)
xmin    60      177.6511 kcal/mol        0.0616 kcal/(mol*A)
xmin    70      177.6490 kcal/mol        0.0331 kcal/(mol*A)
xmin    80      177.6477 kcal/mol        0.1580 kcal/(mol*A)
xmin    90      177.6454 kcal/mol        0.0252 kcal/(mol*A)
xmin   100      177.6450 kcal/mol        0.0294 kcal/(mol*A)
xmin   110      177.6445 kcal/mol        0.0101 kcal/(mol*A)
xmin   120      177.6442 kcal/mol        0.0087 kcal/(mol*A)
xmin   130      177.6440 kcal/mol        0.0096 kcal/(mol*A)
xmin   140      177.6440 kcal/mol        0.0022 kcal/(mol*A)
xmin   150      177.6439 kcal/mol        0.0104 kcal/(mol*A)
xmin   160      177.6439 kcal/mol        0.0139 kcal/(mol*A)
xmin   170      177.6438 kcal/mol        0.0028 kcal/(mol*A)
xmin   180      177.6438 kcal/mol        0.0160 kcal/(mol*A)
xmin   190      177.6438 kcal/mol        0.0111 kcal/(mol*A)
xmin   200      177.6437 kcal/mol        0.0032 kcal/(mol*A)
xmin   210      177.6437 kcal/mol        0.0155 kcal/(mol*A)
xmin   220      177.6437 kcal/mol        0.0054 kcal/(mol*A)
xmin   230      177.6437 kcal/mol        0.0043 kcal/(mol*A)
xmin   240      177.6436 kcal/mol        0.0044 kcal/(mol*A)
xmin   250      177.6436 kcal/mol        0.0029 kcal/(mol*A)
xmin   260      177.6436 kcal/mol        0.0014 kcal/(mol*A)
xmin   270      177.6436 kcal/mol        0.0019 kcal/(mol*A)
xmin   280      177.6436 kcal/mol        0.0055 kcal/(mol*A)
xmin   290      177.6436 kcal/mol        0.0020 kcal/(mol*A)
xmin   300      177.6435 kcal/mol        0.0016 kcal/(mol*A)
xmin   310      177.6435 kcal/mol        0.0016 kcal/(mol*A)
xmin   320      177.6435 kcal/mol        0.0016 kcal/(mol*A)
xmin   330      177.6435 kcal/mol        0.0010 kcal/(mol*A)
xmin   340      177.6435 kcal/mol        0.0023 kcal/(mol*A)
xmin   350      177.6435 kcal/mol        0.0012 kcal/(mol*A)
xmin   360      177.6435 kcal/mol        0.0027 kcal/(mol*A)
xmin   370      177.6435 kcal/mol        0.0023 kcal/(mol*A)
xmin   370      177.6435 kcal/mol        0.0004 kcal/(mol*A)
  ... geometry converged !
 
 Final MO eigenvalues (eV):
 -47.1755  -41.8202  -39.0711  -35.8957  -34.2043  -32.2561  -28.9231  -27.5143
 -26.6898  -25.3080  -22.9511  -21.5420  -20.9698  -20.4381  -20.1249  -19.5030
 -19.0515  -18.8953  -18.1686  -17.7259  -17.6616  -16.6212  -16.0362  -15.9762
 -15.2520  -14.9714  -14.6863  -14.3905   -4.5004   -3.7361   -3.6644   -2.8535
  -1.2568   -1.1875   -0.9699   -0.4511   -0.3738   -0.2309   -0.1478   -0.0907
  -0.0415    0.0713    0.1710    0.4266    0.7536    0.7879    0.9949    1.0654
   1.0839    1.3045    1.4332    1.6397    2.0236    2.0337    2.3710

 Heat of formation   =        177.64347392 kcal/mol  (        7.70319908 eV)

 Total SCF energy    =     -37763.71569790 kcal/mol  (    -1637.55759498 eV)
 Electronic energy   =    -201202.28410125 kcal/mol  (    -8724.78574655 eV)
 Core-core repulsion =     163438.56840335 kcal/mol  (     7087.22815157 eV)
 
    Atomic Charges for Step       1 :
  Atom    Element       Mulliken Charge
     1      N                 -0.083
     2      N                 -0.086
     3      C                 -0.043
     4      C                 -0.187
     5      C                 -0.161
     6      C                  0.015
     7      C                 -0.092
     8      C                 -0.097
     9      C                 -0.217
    10      C                 -0.104
    11      H                  0.131
    12      H                  0.137
    13      H                  0.110
    14      H                  0.131
    15      H                  0.060
    16      H                  0.088
    17      H                  0.256
    18      H                  0.232
    19      H                  0.233
    20      H                  0.085
    21      H                  0.092
    22      H                  0.095
    23      H                  0.131
    24      H                  0.137
    25      H                  0.137
 Total Mulliken Charge =       1.000
 
                  X        Y        Z     TOTAL  
  QM DIPOLE    -4.341    0.054   -0.708    4.399
 
 Final Structure

  QMMM: QM Region Cartesian Coordinates (*=link atom) 
  QMMM: QM_NO.   MM_NO.  ATOM         X         Y         Z
  QMMM:     1        1      N       -0.2641    0.7675   -0.2599
  QMMM:     2        2      N       -2.0720   -0.5231    0.0129
  QMMM:     3        3      C        1.0378    1.2372   -0.6972
  QMMM:     4        4      C        2.2215    0.6551    0.0700
  QMMM:     5        5      C        2.4750   -0.7992   -0.2604
  QMMM:     6        6      C       -0.8548   -0.4213   -0.6221
  QMMM:     7        7      C       -1.1202    1.4296    0.6345
  QMMM:     8        8      C       -2.2545    0.6243    0.8023
  QMMM:     9        9      C        3.6795   -1.3216    0.4810
  QMMM:    10       10      C       -3.0045   -1.6103   -0.1104
  QMMM:    11       11      H        1.1395    0.9892   -1.7940
  QMMM:    12       12      H        1.0341    2.3605   -0.5805
  QMMM:    13       13      H        2.0794    0.7791    1.1757
  QMMM:    14       14      H        3.1213    1.2653   -0.2193
  QMMM:    15       15      H        1.5757   -1.4145    0.0100
  QMMM:    16       16      H        2.6373   -0.9126   -1.3656
  QMMM:    17       17      H       -0.4240   -1.1662   -1.3126
  QMMM:    18       18      H       -0.8758    2.4025    1.0735
  QMMM:    19       19      H       -3.1514    0.7831    1.4097
  QMMM:    20       20      H        3.5312   -1.2419    1.5851
  QMMM:    21       21      H        4.5940   -0.7421    0.2058
  QMMM:    22       22      H        3.8527   -2.3949    0.2242
  QMMM:    23       23      H       -2.5948   -2.3879   -0.8089
  QMMM:    24       24      H       -3.1758   -2.0682    0.9026
  QMMM:    25       25      H       -3.9791   -1.2195   -0.5136

           --------- Calculation Completed ----------

