            --------------------------------------------------------
                             AMBER SQM VERSION 19
 
                                     By
              Ross C. Walker, Michael F. Crowley, Scott Brozell,
                         Tim Giese, Andreas W. Goetz,
                        Tai-Sung Lee and David A. Case
 
            --------------------------------------------------------
 

--------------------------------------------------------------------------------
  QM CALCULATION INFO
--------------------------------------------------------------------------------

| QMMM: Citation for AMBER QMMM Run:
| QMMM: R.C. Walker, M.F. Crowley and D.A. Case, J. COMP. CHEM. 29:1019, 2008

QMMM: SINGLET STATE CALCULATION
QMMM: RHF CALCULATION, NO. OF DOUBLY OCCUPIED LEVELS = 46

| QMMM: *** Selected Hamiltonian *** 
| QMMM: AM1         

| QMMM: *** Parameter sets in use ***
| QMMM: S : M.J.S.DEWAR et al. INORG. CHEM., 29, 3881, (1990)
| QMMM: F : M.J.S.DEWAR et al. THEOCHEM, 180, 1, (1988)
| QMMM: O : M.J.S.DEWAR et al. JACS, 107, 3902, (1985)
| QMMM: N : M.J.S.DEWAR et al. JACS, 107, 3902, (1985)
| QMMM: C : M.J.S.DEWAR et al. JACS, 107, 3902, (1985)

| QMMM: *** SCF convergence criteria ***
| QMMM: Energy change                :  0.1D-09 kcal/mol
| QMMM: Error matrix |FP-PF|         :  0.1D+00 au
| QMMM: Density matrix change        :  0.5D-06
| QMMM: Maximum number of SCF cycles :     1000

| QMMM: *** Diagonalization Routine Information ***
| QMMM: Pseudo diagonalizations are allowed.
| QMMM: Auto diagonalization routine selection is in use.
| QMMM:
| QMMM: Timing diagonalization routines:
| QMMM:                              norbs =       60
| QMMM:    diag iterations used for timing =       15
| QMMM:
| QMMM:              Internal diag routine = 0.006782 seconds
| QMMM:                 Dspev diag routine = 0.027647 seconds
| QMMM:                Dspevd diag routine = 0.005015 seconds
| QMMM:                Dspevx diag routine = 0.054803 seconds
| QMMM:                 Dsyev diag routine = 0.020074 seconds
| QMMM:                Dsyevd diag routine = 0.005527 seconds
| QMMM:                Dsyevr diag routine = 0.006622 seconds
| QMMM:
| QMMM:                Pseudo diag routine = 0.014207 seconds
| QMMM: Pseudo diagonalization appears to be slower than regular
| QMMM: diagonalization. Setting pseudo_diag=0 for optimum performance.
| QMMM:
| QMMM: Using dspevd routine (diag_routine=3).

  QMMM: QM Region Cartesian Coordinates (*=link atom) 
  QMMM: QM_NO.   MM_NO.  ATOM         X         Y         Z
  QMMM:     1        1      S       -1.4920   -0.7820    0.0040
  QMMM:     2        2      S        1.4920   -0.7820    0.0040
  QMMM:     3        3      F       -2.5410    1.2460   -1.2220
  QMMM:     4        4      F       -3.8350    0.2830    0.2470
  QMMM:     5        5      F       -2.1840    1.5460    0.9100
  QMMM:     6        6      F        3.8340    0.2840    0.2500
  QMMM:     7        7      F        2.5440    1.2440   -1.2240
  QMMM:     8        8      F        2.1820    1.5470    0.9080
  QMMM:     9        9      O       -1.4590   -1.2830    1.3640
  QMMM:    10       10      O       -1.8650   -1.6350   -1.1070
  QMMM:    11       11      O        1.8650   -1.6350   -1.1070
  QMMM:    12       12      O        1.4590   -1.2830    1.3640
  QMMM:    13       13      N        0.0000   -0.0050   -0.3590
  QMMM:    14       14      C       -2.5510    0.6280   -0.0170
  QMMM:    15       15      C        2.5510    0.6280   -0.0170

--------------------------------------------------------------------------------
  RESULTS
--------------------------------------------------------------------------------

      iter         sqm energy              rms gradient
      ----    -------------------    -----------------------
xmin    10     -527.7092 kcal/mol        3.7046 kcal/(mol*A)
xmin    20     -529.1723 kcal/mol        0.3117 kcal/(mol*A)
xmin    30     -529.3100 kcal/mol        0.2124 kcal/(mol*A)
xmin    40     -529.3119 kcal/mol        0.0354 kcal/(mol*A)
xmin    50     -529.3133 kcal/mol        0.0621 kcal/(mol*A)
xmin    60     -529.3139 kcal/mol        0.0077 kcal/(mol*A)
xmin    70     -529.3141 kcal/mol        0.0116 kcal/(mol*A)
xmin    80     -529.3142 kcal/mol        0.0108 kcal/(mol*A)
xmin    90     -529.3144 kcal/mol        0.0162 kcal/(mol*A)
xmin   100     -529.3407 kcal/mol        0.2486 kcal/(mol*A)
xmin   110     -529.4371 kcal/mol        0.5594 kcal/(mol*A)
xmin   120     -529.5057 kcal/mol        0.1463 kcal/(mol*A)
xmin   130     -529.6774 kcal/mol        0.6848 kcal/(mol*A)
xmin   140     -530.5476 kcal/mol        0.6366 kcal/(mol*A)
xmin   150     -530.6547 kcal/mol        0.2553 kcal/(mol*A)
xmin   160     -530.8489 kcal/mol        0.4978 kcal/(mol*A)
xmin   170     -531.1810 kcal/mol        0.3918 kcal/(mol*A)
xmin   180     -531.3371 kcal/mol        0.5660 kcal/(mol*A)
xmin   190     -531.6325 kcal/mol        0.3616 kcal/(mol*A)
xmin   200     -531.7714 kcal/mol        1.2637 kcal/(mol*A)
xmin   210     -532.0114 kcal/mol        0.5162 kcal/(mol*A)
xmin   220     -532.1339 kcal/mol        0.8201 kcal/(mol*A)
xmin   230     -532.2860 kcal/mol        0.4128 kcal/(mol*A)
xmin   240     -532.5134 kcal/mol        0.4751 kcal/(mol*A)
xmin   250     -532.8539 kcal/mol        0.3399 kcal/(mol*A)
xmin   260     -533.0492 kcal/mol        0.3215 kcal/(mol*A)
xmin   270     -533.0952 kcal/mol        0.2757 kcal/(mol*A)
xmin   280     -533.1548 kcal/mol        0.2405 kcal/(mol*A)
xmin   290     -533.1813 kcal/mol        0.0819 kcal/(mol*A)
xmin   300     -533.1954 kcal/mol        0.1220 kcal/(mol*A)
xmin   310     -533.2013 kcal/mol        0.0859 kcal/(mol*A)
xmin   320     -533.2162 kcal/mol        0.1586 kcal/(mol*A)
xmin   330     -533.2195 kcal/mol        0.0151 kcal/(mol*A)
xmin   340     -533.2196 kcal/mol        0.0160 kcal/(mol*A)
xmin   350     -533.2201 kcal/mol        0.0304 kcal/(mol*A)
xmin   360     -533.2216 kcal/mol        0.0207 kcal/(mol*A)
xmin   370     -533.2218 kcal/mol        0.0176 kcal/(mol*A)
xmin   380     -533.2222 kcal/mol        0.0185 kcal/(mol*A)
xmin   390     -533.2223 kcal/mol        0.0108 kcal/(mol*A)
xmin   400     -533.2223 kcal/mol        0.0053 kcal/(mol*A)
xmin   410     -533.2224 kcal/mol        0.0119 kcal/(mol*A)
xmin   420     -533.2225 kcal/mol        0.0291 kcal/(mol*A)
xmin   430     -533.2225 kcal/mol        0.0088 kcal/(mol*A)
xmin   440     -533.2225 kcal/mol        0.0068 kcal/(mol*A)
xmin   450     -533.2225 kcal/mol        0.0049 kcal/(mol*A)
xmin   460     -533.2225 kcal/mol        0.0037 kcal/(mol*A)
xmin   470     -533.2226 kcal/mol        0.0070 kcal/(mol*A)
xmin   480     -533.2226 kcal/mol        0.0014 kcal/(mol*A)
xmin   490     -533.2226 kcal/mol        0.0055 kcal/(mol*A)
xmin   500     -533.2226 kcal/mol        0.0075 kcal/(mol*A)
xmin   510     -533.2226 kcal/mol        0.0037 kcal/(mol*A)
xmin   520     -533.2226 kcal/mol        0.0019 kcal/(mol*A)
xmin   530     -533.2226 kcal/mol        0.0005 kcal/(mol*A)
  ... geometry converged !
 
 Final MO eigenvalues (eV):
 -48.0207  -48.0028  -44.9076  -44.8979  -44.8771  -44.8736  -35.6627  -35.3501
 -35.2234  -35.1189  -33.2610  -23.1437  -22.7117  -21.6915  -17.4513  -16.9755
 -16.0687  -15.9348  -15.8004  -15.7039  -15.6396  -15.4667  -14.8834  -13.4808
 -13.4484  -12.9371  -11.8233  -11.7828  -11.7825  -11.7748  -11.6993  -11.0842
 -11.0841  -10.8067  -10.8061  -10.7848  -10.7847  -10.5608  -10.4796  -10.4325
 -10.4056  -10.3178  -10.3109  -10.2445   -7.9296   -7.7024    1.8690    3.0853
   4.0429    5.1480    5.8660    6.2089    6.6557    6.7776    7.0734    7.1022
   7.1537    7.1604    7.2801    7.3063

 Heat of formation   =       -533.22260399 kcal/mol  (      -23.12226720 eV)

 Total SCF energy    =    -116446.34475199 kcal/mol  (    -5049.49242236 eV)
 Electronic energy   =    -496294.69970342 kcal/mol  (   -21520.95311146 eV)
 Core-core repulsion =     379848.35495143 kcal/mol  (    16471.46068910 eV)
 
    Atomic Charges for Step       1 :
  Atom    Element       Mulliken Charge
     1      S                  2.973
     2      S                  2.973
     3      F                 -0.203
     4      F                 -0.195
     5      F                 -0.204
     6      F                 -0.195
     7      F                 -0.204
     8      F                 -0.203
     9      O                 -0.936
    10      O                 -0.936
    11      O                 -0.936
    12      O                 -0.936
    13      N                 -1.757
    14      C                 -0.120
    15      C                 -0.120
 Total Mulliken Charge =      -1.000
 
                  X        Y        Z     TOTAL  
  QM DIPOLE     0.000   -0.002    0.001    0.002
 
 Final Structure

  QMMM: QM Region Cartesian Coordinates (*=link atom) 
  QMMM: QM_NO.   MM_NO.  ATOM         X         Y         Z
  QMMM:     1        1      S       -1.3982   -0.0556   -0.3718
  QMMM:     2        2      S        1.3983    0.0514    0.3720
  QMMM:     3        3      F       -1.8880    1.2672    2.2083
  QMMM:     4        4      F       -3.5937    0.0939    1.5705
  QMMM:     5        5      F       -1.8538   -0.8840    2.4126
  QMMM:     6        6      F        3.5938   -0.0966   -1.5705
  QMMM:     7        7      F        1.8832   -1.2588   -2.2156
  QMMM:     8        8      F        1.8584    0.8937   -2.4076
  QMMM:     9        9      O       -1.9236   -1.2765   -0.7684
  QMMM:    10       10      O       -1.9550    1.0556   -0.9875
  QMMM:    11       11      O        1.9558   -1.0618    0.9834
  QMMM:    12       12      O        1.9230    1.2711    0.7730
  QMMM:    13       13      N        0.0000   -0.0020    0.0001
  QMMM:    14       14      C       -2.2238    0.1134    1.5457
  QMMM:    15       15      C        2.2238   -0.1102   -1.5463

           --------- Calculation Completed ----------

